query_hash: "e395875217b1ab779734294579193be1e91e8df808bba9aa6cf102c8057dd1fb"
block_response {
  block {
    block_v1 {
      payload {
        transactions {
          payload {
            reduced_payload {
              commands {
                add_peer {
                  peer {
                    address: "172.29.101.121:10001"
                    peer_key: "bddd58404d1315e0eb27902c5d7c8eb0602c16238f005773df406bc191308929"
                  }
                }
              }
              commands {
                add_peer {
                  peer {
                    address: "172.29.101.122:10002"
                    peer_key: "3ad86d45d8b8e89298d49185b3418fc14a5b0ecbf3b26cb0a592c8ba6b8cae8e"
                  }
                }
              }
              commands {
                add_peer {
                  peer {
                    address: "172.29.101.123:10003"
                    peer_key: "6870dec85c32ba2d2c042c511b5a4ea4003823fd1ef819231becc7544331d5d3"
                  }
                }
              }
              commands {
                add_peer {
                  peer {
                    address: "172.29.101.124:10004"
                    peer_key: "55b77d9e7ecb1cad531555da10c28a475363cbdd0802b7951e85419014143ecc"
                  }
                }
              }
              commands {
                create_role {
                  role_name: "admin"
                  permissions: can_add_peer
                  permissions: can_add_signatory
                  permissions: can_create_account
                  permissions: can_create_domain
                  permissions: can_create_asset
                  permissions: can_create_role
                  permissions: can_get_all_acc_ast
                  permissions: can_get_all_acc_ast_txs
                  permissions: can_get_all_acc_detail
                  permissions: can_get_all_acc_txs
                  permissions: can_get_all_accounts
                  permissions: can_get_all_signatories
                  permissions: can_get_all_txs
                  permissions: can_get_blocks
                  permissions: can_get_roles
                  permissions: can_read_assets
                  permissions: can_remove_signatory
                  permissions: can_set_quorum
                }
              }
              commands {
                create_domain {
                  domain_id: "admin"
                  default_role: "admin"
                }
              }
              commands {
                create_account {
                  account_name: "admin"
                  domain_id: "admin"
                  public_key: "313a07e6384776ed95447710d15e59148473ccfc052a681317a72a69f2a49910"
                }
              }
              quorum: 1
            }
          }
        }
        tx_number: 1
        height: 1
        prev_block_hash: "0000000000000000000000000000000000000000000000000000000000000000"
      }
    }
  }
}


query_hash: "9e86cb8dd114c16a251456d658f6e9f7a1e44c56f9c7fa686d6fd933dd664fc1"
block_response {
  block {
    block_v1 {
      payload {
        transactions {
          payload {
            reduced_payload {
              commands {
                create_role {
                  role_name: "hash_creator"
                  permissions: can_create_asset
                  permissions: can_read_assets
                }
              }
              commands {
                create_role {
                  role_name: "null_role"
                }
              }
              commands {
                create_domain {
                  domain_id: "hashing"
                  default_role: "hash_creator"
                }
              }
              creator_account_id: "admin@admin"
              created_time: 1639616086749
              quorum: 1
            }
          }
          signatures {
            public_key: "313a07e6384776ed95447710d15e59148473ccfc052a681317a72a69f2a49910"
            signature: "83ab551f2ea6c2053b745b4f15169810e1c991f6555f1b631a118d9af00a120ffa1d81093c7bb4bf16482a7dc2148e34c2b725c18713367f57e7729edbda4009"
          }
        }
        height: 2
        prev_block_hash: "edb8b76962c814ad16a2e285a7238b496d883d8bdd5c91c7fd010808437a43ce"
        created_time: 1639616089406
      }
      signatures {
        public_key: "bddd58404d1315e0eb27902c5d7c8eb0602c16238f005773df406bc191308929"
        signature: "b61775e42fc821eef11066dce242544ec07fdf3fddd557ca823cc733153708053a856f43dc1291f8780cedc81ca1826060933c4f14cd4a2627366945097cab0a"
      }
      signatures {
        public_key: "6870dec85c32ba2d2c042c511b5a4ea4003823fd1ef819231becc7544331d5d3"
        signature: "ddf0a12d3cffaff5cb993766fe6cfdaa186f41ddaa88e888468ff74b403c83ee988b49e018e869ea8543444f94a8be908e5d2ebbbf22c9c7a163eac769d7d50c"
      }
      signatures {
        public_key: "55b77d9e7ecb1cad531555da10c28a475363cbdd0802b7951e85419014143ecc"
        signature: "23eeee0683604a923e677a2115c4bed2f8b245084b880bb561497a2439a58f39e0171a706142fe463ae0512e1021fba85152191aed26fd2eff8d3996c448ef05"
      }
    }
  }
}


query_hash: "9f6f9152926aa17e6ed80f771513a29f9cf745b5767b43252eceb4a065cf1325"
block_response {
  block {
    block_v1 {
      payload {
        transactions {
          payload {
            reduced_payload {
              commands {
                create_account {
                  account_name: "swipluser"
                  domain_id: "hashing"
                  public_key: "35700b9971b06481975c83ea495223dffdc847c22d7cca122138708d58ac0fd2"
                }
              }
              creator_account_id: "admin@admin"
              created_time: 1639616089465
              quorum: 1
            }
          }
          signatures {
            public_key: "313a07e6384776ed95447710d15e59148473ccfc052a681317a72a69f2a49910"
            signature: "70430af18373bc41d04836ee2dce288f5e774ba00619bd7b2e9c067fa37e832d628ccfad00cd9cb39e27b2dedacdb0432f1327654d345c8b0a47374d3a12400c"
          }
        }
        height: 3
        prev_block_hash: "e2ee146de50ed519ec10d1d7eea85f3fff34ee349196b8d52dcbbbbe7a43db41"
        created_time: 1639616092457
      }
      signatures {
        public_key: "bddd58404d1315e0eb27902c5d7c8eb0602c16238f005773df406bc191308929"
        signature: "e623cf6db400815f3e74ee5c96c4464a4d3a69cce1d945bcb1910a857cb2fb2976bca8b0a8fdfcca44411d30fce8daff84a4028e96bba706d2d26b67a80a9608"
      }
      signatures {
        public_key: "3ad86d45d8b8e89298d49185b3418fc14a5b0ecbf3b26cb0a592c8ba6b8cae8e"
        signature: "ed7c9b22efa2fbacdb8064dffc0bc3a9063a3ce6ee0c1bae7e1dde21e9dfc75c4dea235c7ea5840912b219a8d26240b183f1831dcae83e77e7e9ada3cefdc200"
      }
      signatures {
        public_key: "6870dec85c32ba2d2c042c511b5a4ea4003823fd1ef819231becc7544331d5d3"
        signature: "ef9de2cb05a3f802f46c5cbc1b33392911da109a4fcf66355e8aca0e47a2efbb8b6af0c02843a66d035a2f1971e8342ace04f4e21133407d56f3891f70ab0d0a"
      }
      signatures {
        public_key: "55b77d9e7ecb1cad531555da10c28a475363cbdd0802b7951e85419014143ecc"
        signature: "f643e97a6c4973913080c23a6bcb91dac8a44df0327fc621f71635c31c81eaaf50a5038cd5aac741fea5a8d5bfcba20dfdcd4d925f4b502c613d344061bbe00a"
      }
    }
  }
}


query_hash: "ada023b75817b085559a84b392f9364126a8794f22e43219d8f20a8fd19d93b5"
block_response {
  block {
    block_v1 {
      payload {
        height: 4
        prev_block_hash: "f9b67cff5d0657481373fc4329bc08ec24f62bd48f293cb39eb8117f4d1cfd5d"
        created_time: 1639616104520
        rejected_transactions_hashes: "9fa6bc2a4f61f151a44bfac9b9887a17c27eff6842e7445c60bb3b1bd997feda"
      }
      signatures {
        public_key: "bddd58404d1315e0eb27902c5d7c8eb0602c16238f005773df406bc191308929"
        signature: "1d2c5646f3193b3e171e21d5060c2fa53e57dadf5e0d22443941fed4376d6d6e5548750d9b3671cb08775c31571530d60e3a5d4e502570490fbd62f6d380c409"
      }
      signatures {
        public_key: "3ad86d45d8b8e89298d49185b3418fc14a5b0ecbf3b26cb0a592c8ba6b8cae8e"
        signature: "8d003dc4f628d47c46093db4f4bcb043ba63376ca079a115f2c3c2f55f67afb86d73140ed0f8defaeb589460bf27e2f94b4b4140c51683fa05dbb048317b210d"
      }
      signatures {
        public_key: "55b77d9e7ecb1cad531555da10c28a475363cbdd0802b7951e85419014143ecc"
        signature: "f38d6137b351aace03934654509c9941394ad561463bd23fc41c6298b14f986e4507942c49ad9e05c2b7b632e5fbf6e18413e5884ad9d75b3620d9a3eb8e1e0d"
      }
      signatures {
        public_key: "6870dec85c32ba2d2c042c511b5a4ea4003823fd1ef819231becc7544331d5d3"
        signature: "59390ed1230c039ecf855b007f711fa7d4694bd0fe439fda18516d0ad590c0d2117489cef17c36a29cefaced754b4fed19d659581a959d2e5a91cfad9ea02b0f"
      }
    }
  }
}


query_hash: "102848869680f350c0a849938363b775353dcd9fc5b31f04f9c6de5b3f665c6a"
block_response {
  block {
    block_v1 {
      payload {
        transactions {
          payload {
            reduced_payload {
              commands {
                create_domain {
                  domain_id: "swipluser-foo-hash"
                  default_role: "null_role"
                }
              }
              creator_account_id: "admin@admin"
              created_time: 1639616116570
              quorum: 1
            }
          }
          signatures {
            public_key: "313a07e6384776ed95447710d15e59148473ccfc052a681317a72a69f2a49910"
            signature: "23361cfde23f57456edb8df2f67c753a53dfd5093635f0dd99de8e0ed897e73ea56edade21a7cd5edb13835238b6df7dea5f43e6816661c2e0b0c268dc3a1c0b"
          }
        }
        height: 5
        prev_block_hash: "889379c99afbb3d63f4cf2c6bc205e91f4edefc276c0a9dd055829ed97d52a01"
        created_time: 1639616116580
      }
      signatures {
        public_key: "bddd58404d1315e0eb27902c5d7c8eb0602c16238f005773df406bc191308929"
        signature: "9775a19513861bb41874d1811edae5780e83fff53e5e0a94471823fbbd5030e0f6dd2a9b417d5e09ef34fba5cf8a60de85f3f21737418317da977aa8317b0e01"
      }
      signatures {
        public_key: "3ad86d45d8b8e89298d49185b3418fc14a5b0ecbf3b26cb0a592c8ba6b8cae8e"
        signature: "4561ec77fc82d55388bf8d80412a8b8e33c1b96a6c0a2f20e969223af0dd70d0da310c42e4381e3218aeaaf1e53bf19ef1d579b0263ad9036dde0fa0785dca01"
      }
      signatures {
        public_key: "6870dec85c32ba2d2c042c511b5a4ea4003823fd1ef819231becc7544331d5d3"
        signature: "8e365424aaedec56a0e1b74cb53b34845dbe6d61871348528dfe2422587382474e39167219d71bd8897eaaa5b67644bc1df6f12978bbe4bd89dea901e2622206"
      }
      signatures {
        public_key: "55b77d9e7ecb1cad531555da10c28a475363cbdd0802b7951e85419014143ecc"
        signature: "289a9f992fed276bf7ca00a3fb34b9e71cf92de499e100986ca7731e37153db2aa843762ec86de70bb610414ddcbfc6163f7b2a5870494716bbd79cd10695e04"
      }
    }
  }
}


query_hash: "2217f7bd6dd46e8b50c9a4e5e0575ac5c709738a64be8162481b97373b7eb207"
block_response {
  block {
    block_v1 {
      payload {
        transactions {
          payload {
            reduced_payload {
              commands {
                create_asset {
                  asset_name: "49c91465f7e7ceedf108b4760f7ea877"
                  domain_id: "swipluser-foo-hash"
                }
              }
              creator_account_id: "swipluser@hashing"
              created_time: 1639616116635
              quorum: 1
            }
          }
          signatures {
            public_key: "35700b9971b06481975c83ea495223dffdc847c22d7cca122138708d58ac0fd2"
            signature: "5932eaa954faa3a4e46d72a098565a82660c1105d6baf04c58e5a3f8eb3076d9161629ceed1724674424352f14cc59786fbd7096ac7282ff1a55b13424351b07"
          }
        }
        height: 6
        prev_block_hash: "b1fc07eb6110ee19ac3efe156b1f89ea633fdb7ce3f2e11fc3c2faac8aa2398b"
        created_time: 1639616119635
      }
      signatures {
        public_key: "bddd58404d1315e0eb27902c5d7c8eb0602c16238f005773df406bc191308929"
        signature: "bbeb1474b57dd235d64e3212132338cdefe942737584a73542995dcb8893582bd16533f7b563ebd2ad48e68cb8a75f2ab0d69f87b8999ad48239b6a92499e905"
      }
      signatures {
        public_key: "6870dec85c32ba2d2c042c511b5a4ea4003823fd1ef819231becc7544331d5d3"
        signature: "e30c1836861323b69fa80d97d01a53c56ca69118948faf8b2fef73b84a8ddcd41131e8ae93d6d4811f84b69dc41c15518e61b7dd30a1d352afb698bbc92a2b09"
      }
      signatures {
        public_key: "3ad86d45d8b8e89298d49185b3418fc14a5b0ecbf3b26cb0a592c8ba6b8cae8e"
        signature: "b269353ce204679fe40ce0c3de715036a6d168f89dc9143844a5d7454ff31c3f9afa7fc55be9e32a42bca482d49037a1254144235f60f8cdf34833cc45a7950b"
      }
    }
  }
}


query_hash: "8063894f3c9f59f487165f38510006804c1bd5af6b8cc6c3a61ee5fa00b7e65d"
block_response {
  block {
    block_v1 {
      payload {
        height: 7
        prev_block_hash: "7a8ef7f990ab3d9e52ce73cdbeb1e12c516d15567fefa5cdf57f62edda546fe8"
        created_time: 1639616122687
        rejected_transactions_hashes: "1dddad1e75778c32f43e1aa6a5caf43c5c4de8565301f8b339af1dd7f4e97b99"
      }
      signatures {
        public_key: "bddd58404d1315e0eb27902c5d7c8eb0602c16238f005773df406bc191308929"
        signature: "1155fa11828369aae4c22ffe4f3e439e7942a62a78343b72782265d866c634023ad40d4fe5621402e50f465c2ec4f22429d2746747ac6bd6aabab93396923804"
      }
      signatures {
        public_key: "55b77d9e7ecb1cad531555da10c28a475363cbdd0802b7951e85419014143ecc"
        signature: "40940fe833a5329044f4502661f465092165485179282b7ebac0402f7494c397fdf3a3d69f2a126a18f1b545c5fcca611ceb03412b678cf5a5668fac2e634d0a"
      }
      signatures {
        public_key: "6870dec85c32ba2d2c042c511b5a4ea4003823fd1ef819231becc7544331d5d3"
        signature: "344e628061dc4599b1ab9bb3521444323178706973bad5bae26d05636bb5cb9279de473887ae516f219a36ba3978c958cfd90a2cf338b8a23af90c332f91670f"
      }
    }
  }
}


query_hash: "c0de129c0199e1cf20565b0ccf9d3dd6863a3c644ff128e440bbd19487126d4b"
block_response {
  block {
    block_v1 {
      payload {
        transactions {
          payload {
            reduced_payload {
              commands {
                create_asset {
                  asset_name: "0c128f26dd7afcac662bf6591b525969"
                  domain_id: "swipluser-foo-hash"
                }
              }
              creator_account_id: "swipluser@hashing"
              created_time: 1639616122738
              quorum: 1
            }
          }
          signatures {
            public_key: "35700b9971b06481975c83ea495223dffdc847c22d7cca122138708d58ac0fd2"
            signature: "f872c288706c005fac678eae14cc4006e1be947295b20b1899960361433f3f4186746490aedecf3a1f457d0212fab6ea9410b0b533b62281344f7ef2980a340f"
          }
        }
        height: 8
        prev_block_hash: "3e2ca5cdc334234c57b118481f945fd769370cfb88369dc26f00aae6923d459e"
        created_time: 1639616125730
      }
      signatures {
        public_key: "bddd58404d1315e0eb27902c5d7c8eb0602c16238f005773df406bc191308929"
        signature: "fcf63979935613c7de5cc596b41911a3ef67fa7395950644806ce81df379c96bdd9417e2ee2b6c5261adb9d8695c132e552fe67469116ee8442a54d0fb772c08"
      }
      signatures {
        public_key: "6870dec85c32ba2d2c042c511b5a4ea4003823fd1ef819231becc7544331d5d3"
        signature: "1d19038ed5642454e116700cac4d593c88f63d279efeaa4f28ea2d268b37c1304b9e56e62f52d361b64e1098c5915ba37fc66b876a5d01a53566fd1702931c05"
      }
      signatures {
        public_key: "55b77d9e7ecb1cad531555da10c28a475363cbdd0802b7951e85419014143ecc"
        signature: "589bde61b7cec8ddf392d3f362e7d55c9a080d8a57effb32467c57822c454d17b95f1dbbf3b50d2e201f5041d96461d0f1d0dfd6c375b5103b4c864e3cc0c501"
      }
    }
  }
}


query_hash: "fab90f335bfc12c65e0c048ddb5e57ee3166634848e321db9c37066639162d91"
block_response {
  block {
    block_v1 {
      payload {
        height: 9
        prev_block_hash: "1b7f9f45eb8398d5fdd3a518842f167558888d6879d0a72568d2e3f2ba89d4bc"
        created_time: 1639616128779
        rejected_transactions_hashes: "0395b8c304989f8ff07739d804f030875b30b90ff1cb5e3d4cbd826ea1720a97"
      }
      signatures {
        public_key: "bddd58404d1315e0eb27902c5d7c8eb0602c16238f005773df406bc191308929"
        signature: "985dec00011ba7f14da24e037ab54fccd40d83cd8b4d0f8edaceab8c47098e47e7630d37f54dd9304a70896b107c2e464f31c38f9b65ea81ca98fe3ecf12410b"
      }
      signatures {
        public_key: "55b77d9e7ecb1cad531555da10c28a475363cbdd0802b7951e85419014143ecc"
        signature: "74029b551c41089965013e32907fbf601d44a8e3a4152ba325334e2ba6544f97323d17d30636b690aed2b8ede6f5867e9a8714598eae29bd4835f6c520a61908"
      }
      signatures {
        public_key: "3ad86d45d8b8e89298d49185b3418fc14a5b0ecbf3b26cb0a592c8ba6b8cae8e"
        signature: "2ef7ab3dc847f0b0e960502e1dbd16401d842f854ba0a34a3df2799500338197c86b880f945702fe56da5a7010cebd69807ac057c3ddcc398ef450d9e491ab00"
      }
      signatures {
        public_key: "6870dec85c32ba2d2c042c511b5a4ea4003823fd1ef819231becc7544331d5d3"
        signature: "7e25d1543278a8d3d98f76edc5e768627b7a244222531951b6f37a65c46f0bddd373fa9d6b7eb9549f8e271d4b3a65acfb7602de7fdbf181cfb768084e446c0b"
      }
    }
  }
}


query_hash: "ff1c229e7a35e1b7115939ff7662a17cd88606e261f9df99d31c75830e63fa67"
block_response {
  block {
    block_v1 {
      payload {
        transactions {
          payload {
            reduced_payload {
              commands {
                create_asset {
                  asset_name: "631faecce86bd5378e6ec7e8e8ac436c"
                  domain_id: "swipluser-foo-hash"
                }
              }
              creator_account_id: "swipluser@hashing"
              created_time: 1639616128828
              quorum: 1
            }
          }
          signatures {
            public_key: "35700b9971b06481975c83ea495223dffdc847c22d7cca122138708d58ac0fd2"
            signature: "fae099012e1761c814ec688f7ad85399fbc95f42cb9fca6fb0c91b307c4b39bfa3b3a552e93d5e67f0aa631acc3c38864de02c6cdc478d2b52001978fc4d430e"
          }
        }
        height: 10
        prev_block_hash: "4faed9a9538c23d71af1f2a41d3994759aa50c83c1b6ed44fe5bd6cd6e237901"
        created_time: 1639616131828
      }
      signatures {
        public_key: "bddd58404d1315e0eb27902c5d7c8eb0602c16238f005773df406bc191308929"
        signature: "4b6c99fa60a3a354528c8fb1239dda346918d915494eb0216c6a683f3b44e8810859b0996ec3930228eb908322b2109b02cd0a9913c96b4ace534833335fbe0d"
      }
      signatures {
        public_key: "6870dec85c32ba2d2c042c511b5a4ea4003823fd1ef819231becc7544331d5d3"
        signature: "43b975b9c5912fdf031414951bdcf7edb3a80b534bc013fc6db8dba0e84dc477536e0e5ac1ebbc4aa7d0730d4abc795e1c747c3cc4df42643a190faf6ac8ed08"
      }
      signatures {
        public_key: "3ad86d45d8b8e89298d49185b3418fc14a5b0ecbf3b26cb0a592c8ba6b8cae8e"
        signature: "861d69310f1b404de37acc7291911c92c4aa3cbb4cb4278f5922c8bd2260769781ac8a9ce6cb106635acd8b18bc71a9bb33a38ea57a593281ee5bd7c6aa2be0c"
      }
    }
  }
}


